Сборка начата 24.05.2016 20:28:53.
     1>Проект "C:\Users\User\Desktop\Программы\Win32API\Win32API\Win32API.vcxproj" в узле 2 (целевые объекты Build).
     1>ClCompile:
         D:\Program Files (x86)\Microsoft Visual Studio 14.0\VC\bin\CL.exe /c /ZI /nologo /W3 /WX- /sdl /Od /Oy- /D WIN32 /D _DEBUG /D _WINDOWS /D _MBCS /Gm /EHsc /RTC1 /MDd /GS /fp:precise /Zc:wchar_t /Zc:forScope /Zc:inline /Fo"Debug\\" /Fd"Debug\vc140.pdb" /Gd /TP /analyze- /errorReport:prompt CALCUL.cpp main.cpp
         CALCUL.cpp
     1>c:\users\user\desktop\программы\win32api\win32api\calcul.cpp(14): warning C4018: <: несоответствие типов со знаком и без знака
     1>c:\users\user\desktop\программы\win32api\win32api\calcul.cpp(35): warning C4018: <: несоответствие типов со знаком и без знака
     1>c:\users\user\desktop\программы\win32api\win32api\calcul.cpp(60): warning C4018: <: несоответствие типов со знаком и без знака
     1>c:\users\user\desktop\программы\win32api\win32api\calcul.cpp(100): warning C4018: <: несоответствие типов со знаком и без знака
     1>c:\users\user\desktop\программы\win32api\win32api\calcul.cpp(171): warning C4018: <: несоответствие типов со знаком и без знака
     1>c:\users\user\desktop\программы\win32api\win32api\calcul.cpp(172): warning C4244: аргумент: преобразование "__int64" в "char", возможна потеря данных
     1>c:\users\user\desktop\программы\win32api\win32api\calcul.cpp(256): warning C4018: <: несоответствие типов со знаком и без знака
     1>c:\users\user\desktop\программы\win32api\win32api\calcul.cpp(257): warning C4244: аргумент: преобразование "__int64" в "char", возможна потеря данных
         Создание кода...
         Пропуск... (изменения не обнаружены)
         main.cpp
       Link:
         D:\Program Files (x86)\Microsoft Visual Studio 14.0\VC\bin\link.exe /ERRORREPORT:PROMPT /OUT:"C:\Users\User\Desktop\Программы\Win32API\Debug\Win32API.exe" /INCREMENTAL /NOLOGO kernel32.lib user32.lib gdi32.lib winspool.lib comdlg32.lib advapi32.lib shell32.lib ole32.lib oleaut32.lib uuid.lib odbc32.lib odbccp32.lib /MANIFEST /MANIFESTUAC:"level='asInvoker' uiAccess='false'" /manifest:embed /Debug /PDB:"C:\Users\User\Desktop\Программы\Win32API\Debug\Win32API.pdb" /SUBSYSTEM:WINDOWS /TLBID:1 /DYNAMICBASE /NXCOMPAT /IMPLIB:"C:\Users\User\Desktop\Программы\Win32API\Debug\Win32API.lib" /MACHINE:X86 Debug\Resource.res
         Debug\CALCUL.obj
         Debug\main.obj
         Win32API.vcxproj -> C:\Users\User\Desktop\Программы\Win32API\Debug\Win32API.exe
     1>Сборка проекта "C:\Users\User\Desktop\Программы\Win32API\Win32API\Win32API.vcxproj" завершена (целевые объекты Build).

Сборка успешно завершена.

Затраченное время: 00:00:00.80
