Сборка начата 24.05.2016 20:57:16.
     1>Проект "C:\Users\User\Desktop\Программы\Win32API\Win32API\Win32API.vcxproj" в узле 2 (целевые объекты Build).
     1>ClCompile:
         D:\Program Files (x86)\Microsoft Visual Studio 14.0\VC\bin\CL.exe /c /Zi /nologo /W3 /WX- /sdl /O2 /Oi /Oy- /GL /D WIN32 /D NDEBUG /D _WINDOWS /D _MBCS /Gm- /EHsc /MD /GS /Gy /fp:precise /Zc:wchar_t /Zc:forScope /Zc:inline /Fo"Release\\" /Fd"Release\vc140.pdb" /Gd /TP /analyze- /errorReport:prompt CALCUL.cpp main.cpp
         CALCUL.cpp
     1>CALCUL.cpp(14): warning C4018: <: несоответствие типов со знаком и без знака
     1>CALCUL.cpp(35): warning C4018: <: несоответствие типов со знаком и без знака
     1>CALCUL.cpp(60): warning C4018: <: несоответствие типов со знаком и без знака
     1>CALCUL.cpp(100): warning C4018: <: несоответствие типов со знаком и без знака
     1>CALCUL.cpp(171): warning C4018: <: несоответствие типов со знаком и без знака
     1>CALCUL.cpp(172): warning C4244: аргумент: преобразование "__int64" в "char", возможна потеря данных
     1>CALCUL.cpp(256): warning C4018: <: несоответствие типов со знаком и без знака
     1>CALCUL.cpp(257): warning C4244: аргумент: преобразование "__int64" в "char", возможна потеря данных
         main.cpp
       ResourceCompile:
         C:\Program Files (x86)\Windows Kits\8.1\bin\x86\rc.exe /l"0x0409" /nologo /fo"Release\Resource.res" Resource.rc 
       Link:
         D:\Program Files (x86)\Microsoft Visual Studio 14.0\VC\bin\link.exe /ERRORREPORT:PROMPT /OUT:"C:\Users\User\Desktop\Программы\Win32API\Release\Win32API.exe" /INCREMENTAL:NO /NOLOGO kernel32.lib user32.lib gdi32.lib winspool.lib comdlg32.lib advapi32.lib shell32.lib ole32.lib oleaut32.lib uuid.lib odbc32.lib odbccp32.lib /MANIFEST /MANIFESTUAC:"level='asInvoker' uiAccess='false'" /manifest:embed /Debug /PDB:"C:\Users\User\Desktop\Программы\Win32API\Release\Win32API.pdb" /SUBSYSTEM:WINDOWS /OPT:REF /OPT:ICF /LTCG:incremental /TLBID:1 /DYNAMICBASE /NXCOMPAT /IMPLIB:"C:\Users\User\Desktop\Программы\Win32API\Release\Win32API.lib" /MACHINE:X86 /SAFESEH Release\Resource.res
         Release\CALCUL.obj
         Release\main.obj
         Создание кода
         All 279 functions were compiled because no usable IPDB/IOBJ from previous compilation was found.
         Создание кода завершено
         Win32API.vcxproj -> C:\Users\User\Desktop\Программы\Win32API\Release\Win32API.exe
     1>Сборка проекта "C:\Users\User\Desktop\Программы\Win32API\Win32API\Win32API.vcxproj" завершена (целевые объекты Build).

Сборка успешно завершена.

Затраченное время: 00:00:03.42
